TN:
SF:./packages/movies/lib/data/datasources/movie_local_data_source.dart
FNF:0
FNH:0
DA:14,1
DA:16,1
DA:19,2
DA:22,2
DA:26,1
DA:29,3
DA:32,2
DA:36,1
DA:38,2
DA:40,1
DA:46,1
DA:48,2
DA:49,4
LF:13
LH:13
end_of_record
TN:
SF:./packages/movies/lib/data/datasources/movie_remote_data_source.dart
FNF:0
FNH:0
DA:23,1
DA:25,1
DA:28,2
DA:29,1
DA:32,2
DA:33,4
DA:35,1
DA:38,2
DA:43,1
DA:47,1
DA:50,2
DA:51,2
DA:54,2
DA:55,3
DA:57,1
DA:60,2
DA:61,1
DA:65,1
DA:68,2
DA:69,2
DA:72,2
DA:73,4
DA:75,1
DA:78,2
DA:83,1
DA:87,1
DA:90,2
DA:91,1
DA:94,2
DA:95,4
DA:97,1
DA:100,2
DA:101,1
DA:105,1
DA:108,2
DA:109,1
DA:112,2
DA:113,4
DA:115,1
DA:118,2
DA:123,1
DA:127,1
DA:130,2
DA:131,2
DA:134,2
DA:135,4
DA:137,1
DA:140,2
DA:141,1
LF:49
LH:49
end_of_record
TN:
SF:./packages/movies/lib/data/models/movie_detail_model.dart
FNF:0
FNH:0
DA:36,1
DA:37,1
DA:41,1
DA:42,1
DA:43,1
DA:44,1
DA:45,1
DA:46,5
DA:47,1
DA:48,1
DA:49,1
DA:50,1
DA:51,1
DA:52,1
DA:53,1
DA:54,1
LF:16
LH:16
end_of_record
TN:
SF:./packages/movies/lib/data/models/movie_model.dart
FNF:0
FNH:0
DA:27,1
DA:28,1
DA:32,2
DA:33,2
DA:34,2
DA:35,2
DA:36,2
DA:37,2
DA:38,2
DA:39,2
DA:40,2
DA:41,2
DA:42,2
DA:43,2
DA:44,2
DA:45,2
DA:46,2
LF:17
LH:17
end_of_record
TN:
SF:./packages/movies/lib/data/models/movie_response.dart
FNF:0
FNH:0
DA:12,1
DA:13,1
LF:2
LH:2
end_of_record
TN:
SF:./packages/movies/lib/data/models/movie_table.dart
FNF:0
FNH:0
DA:9,2
DA:18,2
DA:19,1
DA:20,1
DA:21,1
DA:22,1
DA:25,1
DA:26,1
DA:28,2
DA:29,1
DA:30,1
DA:31,1
DA:32,1
LF:13
LH:13
end_of_record
TN:
SF:./packages/movies/lib/data/repositories/movie_repository_impl.dart
FNF:0
FNH:0
DA:11,1
DA:16,1
DA:19,2
DA:20,5
DA:21,1
DA:23,1
DA:28,1
DA:31,2
DA:32,2
DA:33,1
DA:35,1
DA:40,1
DA:43,2
DA:44,3
DA:45,1
DA:47,1
DA:52,1
DA:55,2
DA:56,5
DA:57,1
DA:59,1
DA:64,1
DA:67,2
DA:68,5
DA:69,1
DA:71,1
DA:76,1
DA:79,2
DA:80,5
DA:81,1
DA:83,1
DA:88,1
DA:91,2
DA:92,1
DA:94,1
DA:95,1
DA:96,3
DA:102,1
DA:105,2
DA:106,1
DA:108,1
DA:109,1
DA:110,3
DA:114,1
DA:116,2
DA:120,1
DA:122,2
DA:123,5
LF:48
LH:48
end_of_record
TN:
SF:./packages/movies/lib/domain/entities/movie.dart
FNF:0
FNH:0
DA:4,3
DA:20,2
DA:49,8
DA:50,8
DA:51,8
DA:52,8
DA:53,8
DA:54,8
DA:55,8
DA:56,8
DA:57,8
DA:58,8
DA:59,8
DA:60,8
DA:61,8
DA:62,8
DA:63,8
LF:17
LH:17
end_of_record
TN:
SF:./packages/movies/lib/domain/entities/movie_detail.dart
FNF:0
FNH:0
DA:5,2
DA:33,2
DA:34,2
DA:35,2
DA:36,2
DA:37,2
DA:38,2
DA:39,2
DA:40,2
DA:41,2
DA:42,2
DA:43,2
DA:44,2
DA:45,2
DA:46,2
LF:15
LH:15
end_of_record
TN:
SF:./packages/movies/lib/domain/usecases/get_movie_detail.dart
FNF:0
FNH:0
DA:9,1
DA:11,1
DA:12,2
LF:3
LH:3
end_of_record
TN:
SF:./packages/movies/lib/domain/usecases/get_movie_recommendations.dart
FNF:0
FNH:0
DA:9,1
DA:11,1
DA:12,2
LF:3
LH:3
end_of_record
TN:
SF:./packages/movies/lib/domain/usecases/get_now_playing_movies.dart
FNF:0
FNH:0
DA:9,1
DA:11,1
DA:12,2
LF:3
LH:3
end_of_record
TN:
SF:./packages/movies/lib/domain/usecases/get_popular_movies.dart
FNF:0
FNH:0
DA:9,1
DA:11,1
DA:12,2
LF:3
LH:3
end_of_record
TN:
SF:./packages/movies/lib/domain/usecases/get_top_rated_movies.dart
FNF:0
FNH:0
DA:9,1
DA:11,1
DA:12,2
LF:3
LH:3
end_of_record
TN:
SF:./packages/movies/lib/domain/usecases/get_watchlist_movies.dart
FNF:0
FNH:0
DA:9,1
DA:11,1
DA:12,2
LF:3
LH:3
end_of_record
TN:
SF:./packages/movies/lib/domain/usecases/get_watchlist_status.dart
FNF:0
FNH:0
DA:6,1
DA:8,1
DA:9,2
LF:3
LH:3
end_of_record
TN:
SF:./packages/movies/lib/domain/usecases/remove_watchlist.dart
FNF:0
FNH:0
DA:9,1
DA:11,1
DA:12,2
LF:3
LH:3
end_of_record
TN:
SF:./packages/movies/lib/domain/usecases/save_watchlist.dart
FNF:0
FNH:0
DA:9,1
DA:11,1
DA:12,2
LF:3
LH:3
end_of_record
TN:
SF:./packages/movies/lib/domain/usecases/search_movies.dart
FNF:0
FNH:0
DA:8,1
DA:10,1
DA:11,2
LF:3
LH:3
end_of_record
TN:
SF:./packages/movies/lib/presentation/cubit/movie_detail/movie_detail_cubit.dart
FNF:0
FNH:0
DA:8,1
DA:9,1
DA:11,1
DA:12,1
DA:14,2
DA:16,1
DA:17,4
DA:18,3
LF:8
LH:8
end_of_record
TN:
SF:./packages/movies/lib/presentation/cubit/now_playing/now_playing_cubit.dart
FNF:0
FNH:0
DA:7,1
DA:8,1
DA:10,1
DA:11,1
DA:13,2
DA:15,1
DA:16,4
DA:17,3
LF:8
LH:8
end_of_record
TN:
SF:./packages/movies/lib/presentation/cubit/popular/popular_cubit.dart
FNF:0
FNH:0
DA:7,2
DA:9,1
DA:10,1
DA:12,2
DA:14,1
DA:15,4
DA:16,3
LF:7
LH:7
end_of_record
TN:
SF:./packages/movies/lib/presentation/cubit/recommendations/recommendations_cubit.dart
FNF:0
FNH:0
DA:9,1
DA:10,1
DA:12,1
DA:13,1
DA:15,2
DA:17,1
DA:18,4
DA:19,1
DA:20,1
DA:21,1
DA:23,2
LF:11
LH:11
end_of_record
TN:
SF:./packages/movies/lib/presentation/cubit/search_movies/search_movies_cubit.dart
FNF:0
FNH:0
DA:9,1
DA:10,1
DA:12,1
DA:13,1
DA:14,1
DA:18,1
DA:19,2
DA:21,2
DA:24,1
DA:25,1
DA:27,2
LF:11
LH:11
end_of_record
TN:
SF:./packages/movies/lib/presentation/cubit/top_rated/top_rated_cubit.dart
FNF:0
FNH:0
DA:7,2
DA:9,1
DA:10,1
DA:12,2
DA:14,1
DA:15,4
DA:16,3
LF:7
LH:7
end_of_record
TN:
SF:./packages/movies/lib/presentation/cubit/watchlist/watchlist_cubit.dart
FNF:0
FNH:0
DA:9,1
DA:13,1
DA:15,1
DA:16,2
DA:17,2
DA:20,1
DA:21,2
DA:23,1
DA:24,4
DA:25,1
DA:26,2
DA:27,2
DA:32,1
DA:33,2
DA:35,1
DA:36,4
DA:37,1
DA:38,2
DA:39,2
LF:19
LH:19
end_of_record
TN:
SF:./packages/movies/lib/presentation/cubit/watchlist/watchlist_movies_cubit.dart
FNF:0
FNH:0
DA:7,1
DA:8,1
DA:10,1
DA:11,1
DA:13,2
DA:15,1
DA:16,4
DA:17,1
DA:18,1
DA:19,1
DA:21,2
LF:11
LH:11
end_of_record
TN:
SF:./packages/movies/lib/presentation/pages/home_movie_page.dart
FNF:0
FNH:0
DA:8,0
DA:10,1
DA:11,1
DA:15,1
DA:17,1
DA:19,1
DA:21,1
DA:22,1
DA:23,1
DA:24,1
DA:30,1
DA:32,1
DA:33,1
DA:34,1
DA:35,1
DA:36,3
DA:38,1
DA:39,1
DA:40,3
DA:42,1
DA:43,1
DA:44,3
DA:47,1
DA:48,1
DA:50,1
DA:51,2
DA:52,1
DA:53,1
DA:54,1
DA:55,1
DA:56,1
DA:58,1
DA:59,2
DA:61,2
DA:62,1
DA:63,1
DA:66,1
DA:73,1
DA:75,2
DA:77,1
DA:78,1
DA:79,1
DA:80,1
DA:81,1
DA:83,1
DA:84,2
DA:86,2
DA:87,1
DA:88,1
DA:91,1
DA:98,1
DA:100,1
DA:101,1
DA:103,1
DA:104,1
DA:105,1
DA:106,1
DA:107,1
DA:109,1
DA:110,2
DA:112,2
DA:113,1
DA:114,1
DA:117,1
LF:64
LH:63
end_of_record
TN:
SF:./packages/movies/lib/presentation/pages/movie_detail_page.dart
FNF:0
FNH:0
DA:9,0
DA:11,1
DA:12,1
DA:16,1
DA:18,1
DA:19,1
DA:20,1
DA:21,1
DA:22,5
DA:24,1
DA:25,1
DA:26,2
DA:27,3
DA:29,1
DA:30,1
DA:31,2
DA:32,3
DA:35,1
DA:36,1
DA:37,1
DA:38,1
DA:39,0
DA:40,1
DA:41,3
DA:42,1
DA:43,1
DA:44,1
DA:45,1
DA:46,1
DA:47,1
DA:48,1
DA:49,1
DA:50,1
DA:52,1
DA:56,1
DA:57,1
DA:58,2
DA:60,3
DA:61,1
DA:64,1
DA:65,1
DA:66,1
DA:67,1
DA:69,1
DA:71,1
DA:74,1
DA:75,1
DA:76,1
DA:78,1
DA:83,1
DA:84,1
DA:85,1
DA:87,1
DA:96,1
DA:97,1
DA:98,1
DA:99,0
DA:100,0
DA:103,1
DA:104,1
DA:105,1
DA:106,1
DA:108,1
DA:109,1
LF:64
LH:60
end_of_record
TN:
SF:./packages/movies/lib/presentation/pages/popular_movies_page.dart
FNF:0
FNH:0
DA:7,0
DA:9,1
DA:10,1
DA:14,1
DA:16,1
DA:17,1
DA:18,1
DA:20,1
DA:21,4
DA:22,1
DA:23,1
DA:24,1
DA:25,1
DA:26,1
DA:27,3
DA:28,1
DA:29,1
DA:30,1
DA:31,1
DA:32,1
DA:34,1
LF:21
LH:20
end_of_record
TN:
SF:./packages/movies/lib/presentation/pages/search_movie_page.dart
FNF:0
FNH:0
DA:8,0
DA:10,1
DA:12,1
DA:13,3
DA:14,1
DA:15,1
DA:16,1
DA:17,1
DA:18,1
DA:20,1
DA:22,1
DA:23,1
DA:24,1
DA:25,2
DA:35,2
DA:36,1
DA:37,1
DA:38,1
DA:39,1
DA:40,1
DA:42,1
DA:44,3
DA:45,1
DA:47,1
DA:48,1
DA:49,1
DA:50,1
DA:51,1
DA:53,1
LF:29
LH:28
end_of_record
TN:
SF:./packages/movies/lib/presentation/pages/top_rated_movies_page.dart
FNF:0
FNH:0
DA:7,0
DA:9,1
DA:10,1
DA:14,1
DA:16,1
DA:17,1
DA:18,1
DA:20,1
DA:21,4
DA:22,1
DA:23,1
DA:24,1
DA:25,1
DA:26,1
DA:27,3
DA:28,1
DA:29,1
DA:30,1
DA:31,1
DA:32,1
DA:34,1
LF:21
LH:20
end_of_record
TN:
SF:./packages/movies/lib/presentation/pages/watchlist_movies_page.dart
FNF:0
FNH:0
DA:6,0
DA:8,1
DA:10,1
DA:11,1
DA:12,1
DA:13,1
DA:14,1
DA:15,3
DA:16,1
DA:18,1
DA:19,1
DA:20,1
DA:21,1
DA:22,1
DA:24,1
LF:15
LH:14
end_of_record
TN:
SF:./packages/movies/lib/presentation/widgets/movie_card_list.dart
FNF:0
FNH:0
DA:10,5
DA:12,5
DA:14,5
DA:16,5
DA:17,1
DA:18,3
DA:20,5
DA:22,5
DA:23,5
DA:24,5
DA:30,5
DA:32,5
DA:33,5
DA:34,10
DA:37,5
DA:40,5
DA:41,10
DA:49,5
DA:51,5
DA:53,5
DA:54,15
DA:56,5
DA:58,0
LF:23
LH:22
end_of_record
TN:
SF:./packages/movies/lib/presentation/widgets/movie_list.dart
FNF:0
FNH:0
DA:9,1
DA:11,1
DA:13,1
DA:15,1
DA:17,1
DA:18,2
DA:19,1
DA:21,1
DA:22,1
DA:23,1
DA:26,1
DA:29,1
DA:31,1
DA:32,2
DA:33,1
DA:35,0
DA:41,2
LF:17
LH:16
end_of_record
TN:
SF:./packages/tv_series/lib/data/datasources/tv_series_local_data_source.dart
FNF:0
FNH:0
DA:14,1
DA:16,1
DA:19,2
DA:22,2
DA:26,1
DA:29,3
DA:32,2
DA:36,1
DA:38,2
DA:40,1
DA:46,1
DA:48,2
DA:49,4
LF:13
LH:13
end_of_record
TN:
SF:./packages/tv_series/lib/data/datasources/tv_series_remote_data_source.dart
FNF:0
FNH:0
DA:21,1
DA:26,1
DA:29,2
DA:30,1
DA:33,2
DA:34,4
DA:36,1
DA:39,2
DA:44,1
DA:48,1
DA:51,4
DA:53,2
DA:54,3
DA:56,1
DA:59,2
DA:64,1
DA:68,1
DA:71,2
DA:72,2
DA:75,2
DA:76,4
DA:78,1
DA:81,2
DA:86,1
DA:90,1
DA:93,2
DA:94,1
DA:97,2
DA:98,4
DA:100,1
DA:103,2
DA:108,1
DA:112,1
DA:115,2
DA:116,1
DA:119,2
DA:120,4
DA:122,1
DA:125,2
DA:130,1
DA:134,1
DA:137,2
DA:138,2
DA:141,2
DA:142,4
DA:144,1
DA:147,2
DA:148,1
LF:48
LH:48
end_of_record
TN:
SF:./packages/tv_series/lib/data/models/season_model.dart
FNF:0
FNH:0
DA:21,2
DA:22,2
DA:26,2
DA:27,2
DA:28,2
DA:29,2
DA:30,2
DA:31,2
DA:32,2
DA:33,2
DA:34,2
LF:11
LH:11
end_of_record
TN:
SF:./packages/tv_series/lib/data/models/tv_series_detail_model.dart
FNF:0
FNH:0
DA:40,2
DA:41,2
DA:45,2
DA:46,2
DA:47,2
DA:48,2
DA:49,10
DA:50,2
DA:51,2
DA:52,2
DA:53,2
DA:54,2
DA:55,2
DA:56,2
DA:57,2
DA:58,2
DA:59,2
DA:60,10
LF:18
LH:18
end_of_record
TN:
SF:./packages/tv_series/lib/data/models/tv_series_model.dart
FNF:0
FNH:0
DA:27,2
DA:28,2
DA:32,2
DA:33,2
DA:34,2
DA:35,2
DA:36,2
DA:37,2
DA:38,2
DA:39,2
DA:40,2
DA:41,2
DA:42,2
DA:43,2
DA:44,2
DA:45,2
LF:16
LH:16
end_of_record
TN:
SF:./packages/tv_series/lib/data/models/tv_series_response.dart
FNF:0
FNH:0
DA:12,2
DA:13,2
LF:2
LH:2
end_of_record
TN:
SF:./packages/tv_series/lib/data/models/tv_series_table.dart
FNF:0
FNH:0
DA:9,3
DA:18,4
DA:19,2
DA:20,2
DA:21,2
DA:22,2
DA:25,2
DA:26,2
DA:28,2
DA:29,1
DA:30,1
DA:31,1
DA:32,1
LF:13
LH:13
end_of_record
TN:
SF:./packages/tv_series/lib/data/repositories/tv_series_repository_impl.dart
FNF:0
FNH:0
DA:11,1
DA:16,1
DA:19,2
DA:20,5
DA:21,1
DA:23,1
DA:28,1
DA:31,2
DA:32,5
DA:33,1
DA:35,1
DA:40,1
DA:43,2
DA:44,5
DA:45,1
DA:47,1
DA:52,1
DA:55,2
DA:56,2
DA:57,1
DA:59,1
DA:64,1
DA:69,2
DA:70,3
DA:71,1
DA:73,1
DA:78,1
DA:80,2
DA:81,5
DA:84,1
DA:86,2
DA:90,1
DA:95,2
DA:96,1
DA:98,1
DA:99,1
DA:100,3
DA:104,1
DA:107,2
DA:108,1
DA:110,1
DA:111,1
DA:112,3
DA:118,1
DA:121,2
DA:122,5
DA:123,1
DA:125,1
LF:48
LH:48
end_of_record
TN:
SF:./packages/tv_series/lib/domain/entities/seasons.dart
FNF:0
FNH:0
DA:12,2
DA:22,1
DA:23,1
DA:24,1
DA:25,1
DA:26,1
DA:27,1
DA:28,1
DA:29,1
DA:30,1
LF:10
LH:10
end_of_record
TN:
SF:./packages/tv_series/lib/domain/entities/tv_series.dart
FNF:0
FNH:0
DA:17,2
DA:32,1
DA:46,7
DA:47,7
DA:48,7
DA:49,7
DA:50,7
DA:51,7
DA:52,7
DA:53,7
DA:54,7
DA:55,7
DA:56,7
DA:57,7
DA:58,7
DA:59,7
LF:16
LH:16
end_of_record
TN:
SF:./packages/tv_series/lib/domain/entities/tv_series_detail.dart
FNF:0
FNH:0
DA:6,2
DA:38,2
DA:39,2
DA:40,2
DA:41,2
DA:42,2
DA:43,2
DA:44,2
DA:45,2
DA:46,2
DA:47,2
DA:48,2
DA:49,2
DA:50,2
DA:51,2
DA:52,2
DA:53,2
LF:17
LH:17
end_of_record
TN:
SF:./packages/tv_series/lib/domain/usecases/get_on_the_air_tv_series.dart
FNF:0
FNH:0
DA:9,1
DA:11,1
DA:12,2
LF:3
LH:3
end_of_record
TN:
SF:./packages/tv_series/lib/domain/usecases/get_popular_tv_series.dart
FNF:0
FNH:0
DA:9,1
DA:11,1
DA:12,2
LF:3
LH:3
end_of_record
TN:
SF:./packages/tv_series/lib/domain/usecases/get_top_rated_tv_series.dart
FNF:0
FNH:0
DA:9,1
DA:11,1
DA:12,2
LF:3
LH:3
end_of_record
TN:
SF:./packages/tv_series/lib/domain/usecases/get_tv_series_detail.dart
FNF:0
FNH:0
DA:9,1
DA:11,1
DA:12,2
LF:3
LH:3
end_of_record
TN:
SF:./packages/tv_series/lib/domain/usecases/get_tv_series_recommendations.dart
FNF:0
FNH:0
DA:9,1
DA:11,1
DA:12,2
LF:3
LH:3
end_of_record
TN:
SF:./packages/tv_series/lib/domain/usecases/get_watchlist_status_tv_series.dart
FNF:0
FNH:0
DA:6,1
DA:8,1
DA:9,2
LF:3
LH:3
end_of_record
TN:
SF:./packages/tv_series/lib/domain/usecases/get_watchlist_tv_series.dart
FNF:0
FNH:0
DA:9,1
DA:11,1
DA:12,2
LF:3
LH:3
end_of_record
TN:
SF:./packages/tv_series/lib/domain/usecases/remove_watchlist_tv_series.dart
FNF:0
FNH:0
DA:9,1
DA:11,1
DA:12,2
LF:3
LH:3
end_of_record
TN:
SF:./packages/tv_series/lib/domain/usecases/save_watchlist_tv_series.dart
FNF:0
FNH:0
DA:9,1
DA:11,1
DA:12,2
LF:3
LH:3
end_of_record
TN:
SF:./packages/tv_series/lib/domain/usecases/search_tv_series.dart
FNF:0
FNH:0
DA:8,1
DA:10,1
DA:11,2
LF:3
LH:3
end_of_record
TN:
SF:./packages/tv_series/lib/presentation.dart/cubit/on_the_air/on_the_air_cubit.dart
FNF:0
FNH:0
DA:7,1
DA:8,1
DA:10,1
DA:11,1
DA:13,2
DA:15,1
DA:16,4
DA:17,3
LF:8
LH:8
end_of_record
TN:
SF:./packages/tv_series/lib/presentation.dart/cubit/popular/popular_tv_series_cubit.dart
FNF:0
FNH:0
DA:7,1
DA:8,1
DA:10,1
DA:11,1
DA:13,2
DA:15,1
DA:16,4
DA:17,3
LF:8
LH:8
end_of_record
TN:
SF:./packages/tv_series/lib/presentation.dart/cubit/recommendations/tv_series_recommendations_cubit.dart
FNF:0
FNH:0
DA:7,1
DA:8,1
DA:10,1
DA:11,1
DA:13,2
DA:15,1
DA:16,4
DA:17,1
DA:18,1
DA:19,1
DA:21,2
LF:11
LH:11
end_of_record
TN:
SF:./packages/tv_series/lib/presentation.dart/cubit/search_tv_series/search_tv_series_cubit.dart
FNF:0
FNH:0
DA:7,1
DA:8,1
DA:10,1
DA:11,1
DA:12,1
DA:16,1
DA:17,2
DA:19,6
DA:22,1
DA:23,1
DA:25,2
LF:11
LH:11
end_of_record
TN:
SF:./packages/tv_series/lib/presentation.dart/cubit/top_rated/top_rated_tv_series_cubit.dart
FNF:0
FNH:0
DA:7,1
DA:8,1
DA:10,1
DA:11,1
DA:13,2
DA:15,1
DA:16,4
DA:17,3
LF:8
LH:8
end_of_record
TN:
SF:./packages/tv_series/lib/presentation.dart/cubit/tv_series_detail/tv_series_detail_cubit.dart
FNF:0
FNH:0
DA:7,1
DA:8,1
DA:10,1
DA:11,1
DA:13,2
DA:15,1
DA:16,4
DA:17,3
LF:8
LH:8
end_of_record
TN:
SF:./packages/tv_series/lib/presentation.dart/cubit/watchlist/watchlist_tv_series_cubit.dart
FNF:0
FNH:0
DA:7,1
DA:8,1
DA:10,1
DA:11,1
DA:13,2
DA:15,1
DA:16,4
DA:17,1
DA:18,1
DA:19,1
DA:21,2
LF:11
LH:11
end_of_record
TN:
SF:./packages/tv_series/lib/presentation.dart/cubit/watchlist/watchlist_tv_series_status_cubit.dart
FNF:0
FNH:0
DA:9,1
DA:13,1
DA:15,1
DA:16,2
DA:17,2
DA:20,1
DA:21,2
DA:23,1
DA:24,4
DA:25,1
DA:26,2
DA:27,2
DA:32,1
DA:33,2
DA:35,1
DA:36,4
DA:37,1
DA:38,2
DA:39,2
LF:19
LH:19
end_of_record
TN:
SF:./packages/tv_series/lib/presentation.dart/pages/home_tv_series_page.dart
FNF:0
FNH:0
DA:8,0
DA:10,1
DA:11,1
DA:15,1
DA:17,1
DA:19,1
DA:21,1
DA:22,1
DA:23,1
DA:24,1
DA:30,1
DA:31,1
DA:32,1
DA:33,1
DA:34,3
DA:36,1
DA:37,1
DA:38,3
DA:40,1
DA:41,1
DA:42,2
DA:43,1
DA:46,1
DA:48,1
DA:49,1
DA:51,1
DA:52,2
DA:53,1
DA:54,1
DA:55,1
DA:56,1
DA:57,1
DA:59,1
DA:60,2
DA:62,2
DA:63,1
DA:64,1
DA:67,1
DA:74,1
DA:76,1
DA:77,1
DA:79,1
DA:80,1
DA:81,1
DA:82,1
DA:83,1
DA:85,1
DA:86,2
DA:88,2
DA:89,0
DA:90,0
DA:93,0
DA:100,1
DA:102,1
DA:103,1
DA:105,1
DA:106,1
DA:107,1
DA:108,1
DA:109,1
DA:111,1
DA:112,2
DA:114,2
DA:115,0
DA:116,0
DA:119,0
LF:66
LH:59
end_of_record
TN:
SF:./packages/tv_series/lib/presentation.dart/pages/popular_tv_series_page.dart
FNF:0
FNH:0
DA:7,0
DA:9,1
DA:10,1
DA:14,1
DA:16,1
DA:17,1
DA:18,1
DA:20,1
DA:21,1
DA:22,3
DA:23,1
DA:24,1
DA:25,1
DA:26,0
DA:27,1
DA:28,3
DA:29,1
DA:30,1
DA:31,1
DA:32,1
DA:33,1
DA:35,1
LF:22
LH:20
end_of_record
TN:
SF:./packages/tv_series/lib/presentation.dart/pages/search_tv_series_page.dart
FNF:0
FNH:0
DA:8,0
DA:10,1
DA:12,1
DA:13,3
DA:14,1
DA:15,1
DA:16,1
DA:18,1
DA:20,1
DA:21,1
DA:22,1
DA:23,2
DA:33,2
DA:34,1
DA:35,1
DA:36,1
DA:37,1
DA:38,1
DA:39,1
DA:41,3
DA:42,1
DA:44,1
DA:45,1
DA:46,1
DA:47,1
DA:48,1
DA:50,1
LF:27
LH:26
end_of_record
TN:
SF:./packages/tv_series/lib/presentation.dart/pages/top_rated_tv_series_page.dart
FNF:0
FNH:0
DA:7,0
DA:9,1
DA:10,1
DA:14,1
DA:16,1
DA:17,1
DA:18,1
DA:20,1
DA:21,1
DA:22,3
DA:23,1
DA:24,1
DA:25,1
DA:26,0
DA:27,1
DA:28,3
DA:29,1
DA:30,1
DA:31,1
DA:32,1
DA:33,1
DA:35,1
LF:22
LH:20
end_of_record
TN:
SF:./packages/tv_series/lib/presentation.dart/pages/tv_series_detail_page.dart
FNF:0
FNH:0
DA:10,0
DA:12,1
DA:13,1
DA:17,1
DA:19,1
DA:20,1
DA:21,1
DA:22,1
DA:23,2
DA:24,3
DA:26,1
DA:27,1
DA:28,2
DA:29,3
DA:31,1
DA:32,1
DA:33,2
DA:34,3
DA:37,1
DA:38,1
DA:39,1
DA:40,1
DA:41,0
DA:42,1
DA:43,3
DA:44,1
DA:45,1
DA:46,1
DA:47,1
DA:48,1
DA:49,1
DA:50,1
DA:51,1
DA:53,1
DA:55,1
DA:56,2
DA:58,1
DA:60,1
DA:62,2
DA:63,1
DA:64,2
DA:65,1
DA:67,1
DA:68,1
DA:71,1
DA:74,1
DA:75,1
DA:76,1
DA:77,1
DA:80,1
DA:81,1
DA:83,2
DA:87,1
DA:95,0
DA:108,1
DA:109,1
DA:116,1
DA:117,2
DA:132,1
DA:136,1
DA:137,1
DA:138,2
DA:140,3
DA:141,1
DA:144,1
DA:145,1
DA:146,1
DA:147,0
DA:150,1
DA:152,1
DA:155,1
DA:156,1
DA:159,0
DA:160,0
DA:167,1
DA:171,1
DA:172,1
DA:173,0
DA:174,0
DA:177,0
DA:178,0
DA:179,1
DA:180,1
DA:182,0
DA:183,0
LF:85
LH:73
end_of_record
TN:
SF:./packages/tv_series/lib/presentation.dart/pages/watchlist_tv_series_page.dart
FNF:0
FNH:0
DA:6,0
DA:8,1
DA:10,1
DA:11,1
DA:12,1
DA:13,0
DA:14,1
DA:15,3
DA:16,1
DA:18,1
DA:19,1
DA:20,1
DA:21,1
DA:22,1
DA:24,1
LF:15
LH:13
end_of_record
TN:
SF:./packages/tv_series/lib/presentation.dart/widgets/tv_series_card_list.dart
FNF:0
FNH:0
DA:9,5
DA:11,5
DA:13,5
DA:15,5
DA:16,1
DA:17,1
DA:20,2
DA:23,5
DA:25,5
DA:26,5
DA:27,5
DA:33,5
DA:35,5
DA:36,5
DA:37,10
DA:40,5
DA:43,5
DA:44,10
DA:52,5
DA:54,5
DA:56,5
DA:57,15
DA:59,5
DA:61,1
LF:24
LH:24
end_of_record
